[debug] [2024-03-17T23:25:03.619Z] ----------------------------------------------------------------------
[debug] [2024-03-17T23:25:03.620Z] Command:       /Users/louisgallet/.nvm/versions/node/v18.16.0/bin/node /usr/local/bin/firebase init
[debug] [2024-03-17T23:25:03.620Z] CLI Version:   13.0.1
[debug] [2024-03-17T23:25:03.620Z] Platform:      darwin
[debug] [2024-03-17T23:25:03.620Z] Node Version:  v18.16.0
[debug] [2024-03-17T23:25:03.621Z] Time:          Mon Mar 18 2024 00:25:03 GMT+0100 (Central European Standard Time)
[debug] [2024-03-17T23:25:03.621Z] ----------------------------------------------------------------------
[debug] 
[debug] [2024-03-17T23:25:03.624Z] > command requires scopes: ["email","openid","https://www.googleapis.com/auth/cloudplatformprojects.readonly","https://www.googleapis.com/auth/firebase","https://www.googleapis.com/auth/cloud-platform"]
[debug] [2024-03-17T23:25:03.624Z] > authorizing via signed-in user (me@louisgallet.fr)
[info] 
     ######## #### ########  ######## ########     ###     ######  ########
     ##        ##  ##     ## ##       ##     ##  ##   ##  ##       ##
     ######    ##  ########  ######   ########  #########  ######  ######
     ##        ##  ##    ##  ##       ##     ## ##     ##       ## ##
     ##       #### ##     ## ######## ########  ##     ##  ######  ########

You're about to initialize a Firebase project in this directory:

  /Users/louisgallet/Developer/outofthehole-website-react

[info] 
=== Project Setup
[info] 
[info] First, let's associate this project directory with a Firebase project.
[info] You can create multiple project aliases by running firebase use --add, 
[info] but for now we'll just set up a default project.
[info] 
[debug] [2024-03-17T23:25:07.687Z] >>> [apiv2][query] GET https://firebase.googleapis.com/v1beta1/projects pageSize=100
[debug] [2024-03-17T23:25:08.150Z] <<< [apiv2][status] GET https://firebase.googleapis.com/v1beta1/projects 200
[debug] [2024-03-17T23:25:08.150Z] <<< [apiv2][body] GET https://firebase.googleapis.com/v1beta1/projects [omitted]
[info] i  Using project outofthehole-website (outofthehole-website) 
[info] 
=== Hosting Setup
[debug] [2024-03-17T23:25:08.776Z] >>> [apiv2][query] GET https://firebase.googleapis.com/v1beta1/projects/outofthehole-website [none]
[debug] [2024-03-17T23:25:08.988Z] <<< [apiv2][status] GET https://firebase.googleapis.com/v1beta1/projects/outofthehole-website 200
[debug] [2024-03-17T23:25:08.989Z] <<< [apiv2][body] GET https://firebase.googleapis.com/v1beta1/projects/outofthehole-website {"projectId":"outofthehole-website","projectNumber":"439156446203","displayName":"outofthehole-website","name":"projects/outofthehole-website","resources":{"hostingSite":"outofthehole-website"},"state":"ACTIVE","etag":"1_6ffb4adf-2fe9-499f-9af3-4b735b77c086"}
[info] 
[info] Your public directory is the folder (relative to your project directory) that
[info] will contain Hosting assets to be uploaded with firebase deploy. If you
[info] have a build process for your assets, use your build's output directory.
[info] 
[info] i  Skipping write of build/404.html 
[debug] [2024-03-17T23:25:21.287Z] >>> [apiv2][query] GET https://www.gstatic.com/firebasejs/releases.json [none]
[debug] [2024-03-17T23:25:21.330Z] <<< [apiv2][status] GET https://www.gstatic.com/firebasejs/releases.json 200
[debug] [2024-03-17T23:25:21.330Z] <<< [apiv2][body] GET https://www.gstatic.com/firebasejs/releases.json {"current":{"version":"10.9.0","browserURL":"https://www.gstatic.com/firebasejs/10.9.0/firebase.js","packageURL":"https://www.gstatic.com/firebasejs/10.9.0/firebase.tgz"},"live":{"version":"10.9","browserURL":"https://www.gstatic.com/firebasejs/live/10.9/firebase.js","packageURL":"https://www.gstatic.com/firebasejs/live/10.9/firebase.tgz"},"components":{"analytics":"https://www.gstatic.com/firebasejs/10.9.0/firebase-analytics.js","app":"https://www.gstatic.com/firebasejs/10.9.0/firebase-app.js","app-check":"https://www.gstatic.com/firebasejs/10.9.0/firebase-app-check.js","auth":"https://www.gstatic.com/firebasejs/10.9.0/firebase-auth.js","auth/cordova":"https://www.gstatic.com/firebasejs/10.9.0/firebase-auth/cordova.js","auth/web-extension":"https://www.gstatic.com/firebasejs/10.9.0/firebase-auth/web-extension.js","functions":"https://www.gstatic.com/firebasejs/10.9.0/firebase-functions.js","firestore":"https://www.gstatic.com/firebasejs/10.9.0/firebase-firestore.js","firestore/lite":"https://www.gstatic.com/firebasejs/10.9.0/firebase-firestore/lite.js","installations":"https://www.gstatic.com/firebasejs/10.9.0/firebase-installations.js","storage":"https://www.gstatic.com/firebasejs/10.9.0/firebase-storage.js","performance":"https://www.gstatic.com/firebasejs/10.9.0/firebase-performance.js","remote-config":"https://www.gstatic.com/firebasejs/10.9.0/firebase-remote-config.js","messaging":"https://www.gstatic.com/firebasejs/10.9.0/firebase-messaging.js","messaging/sw":"https://www.gstatic.com/firebasejs/10.9.0/firebase-messaging/sw.js","database":"https://www.gstatic.com/firebasejs/10.9.0/firebase-database.js","firestore.memory":"https://www.gstatic.com/firebasejs/10.9.0/firebase-firestore.memory.js"}}
[info] i  Skipping write of build/index.html 
[info] 
[info] i  Didn't detect a .git folder. Assuming /Users/louisgallet/Developer/outofthehole-website-react is the project root. 
[info] i  Authorizing with GitHub to upload your service account to a GitHub repository's secrets store. 
[info] 
[info] Visit this URL on this device to log in:
[info] https://github.com/login/oauth/authorize?client_id=89cf50f02ac6aaed3484&state=152172499&redirect_uri=http%3A%2F%2Flocalhost%3A9005&scope=read%3Auser%20repo%20public_repo
[info] 
[info] Waiting for authentication...
[debug] [2024-03-17T23:25:26.194Z] >>> [apiv2][query] POST https://github.com/login/oauth/access_token [none]
[debug] [2024-03-17T23:25:26.194Z] >>> [apiv2][body] POST https://github.com/login/oauth/access_token [stream]
[debug] [2024-03-17T23:25:26.423Z] <<< [apiv2][status] POST https://github.com/login/oauth/access_token 200
[debug] [2024-03-17T23:25:26.423Z] <<< [apiv2][body] POST https://github.com/login/oauth/access_token {"access_token":"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","token_type":"bearer","scope":"read:user,repo"}
[debug] [2024-03-17T23:25:26.425Z] >>> [apiv2][query] GET https://api.github.com/user [none]
[debug] [2024-03-17T23:25:26.707Z] <<< [apiv2][status] GET https://api.github.com/user 200
[debug] [2024-03-17T23:25:26.707Z] <<< [apiv2][body] GET https://api.github.com/user {"login":"l0u1sg","id":46707587,"node_id":"MDQ6VXNlcjQ2NzA3NTg3","avatar_url":"https://avatars.githubusercontent.com/u/46707587?v=4","gravatar_id":"","url":"https://api.github.com/users/l0u1sg","html_url":"https://github.com/l0u1sg","followers_url":"https://api.github.com/users/l0u1sg/followers","following_url":"https://api.github.com/users/l0u1sg/following{/other_user}","gists_url":"https://api.github.com/users/l0u1sg/gists{/gist_id}","starred_url":"https://api.github.com/users/l0u1sg/starred{/owner}{/repo}","subscriptions_url":"https://api.github.com/users/l0u1sg/subscriptions","organizations_url":"https://api.github.com/users/l0u1sg/orgs","repos_url":"https://api.github.com/users/l0u1sg/repos","events_url":"https://api.github.com/users/l0u1sg/events{/privacy}","received_events_url":"https://api.github.com/users/l0u1sg/received_events","type":"User","site_admin":false,"name":"Louis Gallet","company":"@AideJeune, TUMO Paris","blog":"https://gitea.louisgallet.fr","location":"127.0.0.1","email":"louis.gallet@epita.fr","hireable":null,"bio":"Hi ! I'm Louis, I'm a (very) young french developer. I'm very web oriented with JavaScript and NodeJS. \r\nStudent @ EPITA","twitter_username":null,"public_repos":39,"public_gists":1,"followers":16,"following":31,"created_at":"2019-01-15T09:09:28Z","updated_at":"2024-03-07T08:41:05Z","private_gists":6,"total_private_repos":16,"owned_private_repos":16,"disk_usage":176848,"collaborators":0,"two_factor_authentication":true,"plan":{"name":"pro","space":976562499,"collaborators":0,"private_repos":9999}}
[info] 
[info] ✔  Success! Logged into GitHub as l0u1sg 
[info] 
